#
# There is insufficient memory for the Java Runtime Environment to continue.
# Native memory allocation (mmap) failed to map 65011712 bytes for committing reserved memory.
# Possible reasons:
#   The system is out of physical RAM or swap space
#   In 32 bit mode, the process size limit was hit
# Possible solutions:
#   Reduce memory load on the system
#   Increase physical memory or swap space
#   Check if swap backing store is full
#   Use 64 bit Java on a 64 bit OS
#   Decrease Java heap size (-Xmx/-Xms)
#   Decrease number of Java threads
#   Decrease Java thread stack sizes (-Xss)
#   Set larger code cache with -XX:ReservedCodeCacheSize=
# This output file may be truncated or incomplete.
#
#  Out of Memory Error (os_linux.cpp:2627), pid=8147, tid=0x00007ffa90cba700
#
# JRE version: OpenJDK Runtime Environment (8.0_76-b03) (build 1.8.0_76-release-b03)
# Java VM: OpenJDK 64-Bit Server VM (25.76-b03 mixed mode linux-amd64 compressed oops)
# Failed to write core dump. Core dumps have been disabled. To enable core dumping, try "ulimit -c unlimited" before starting Java again
#

---------------  T H R E A D  ---------------

Current thread (0x00007ffaa407d800):  VMThread [stack: 0x00007ffa90bba000,0x00007ffa90cbb000] [id=8162]

Stack: [0x00007ffa90bba000,0x00007ffa90cbb000],  sp=0x00007ffa90cb94c0,  free space=1021k
Native frames: (J=compiled Java code, j=interpreted, Vv=VM code, C=native code)
V  [libjvm.so+0x9d9fcd]  VMError::report_and_die()+0x15d
V  [libjvm.so+0x4b4d4a]  report_vm_out_of_memory(char const*, int, unsigned long, VMErrorType, char const*)+0x8a
V  [libjvm.so+0x845190]  os::pd_commit_memory(char*, unsigned long, unsigned long, bool)+0xf0
V  [libjvm.so+0x83fcbf]  os::commit_memory(char*, unsigned long, unsigned long, bool)+0x1f
V  [libjvm.so+0x8b4d9b]  PSVirtualSpace::expand_by(unsigned long)+0x5b
V  [libjvm.so+0x8b5a10]  PSYoungGen::resize_generation(unsigned long, unsigned long)+0xb0
V  [libjvm.so+0x8b5d2b]  PSYoungGen::resize(unsigned long, unsigned long)+0x1b
V  [libjvm.so+0x8b241c]  PSScavenge::invoke_no_policy()+0xdac
V  [libjvm.so+0x8b2bf8]  PSScavenge::invoke()+0x38
V  [libjvm.so+0x8681f3]  ParallelScavengeHeap::failed_mem_allocate(unsigned long)+0x63
V  [libjvm.so+0x9dba94]  VM_ParallelGCFailedAllocation::doit()+0x84
V  [libjvm.so+0x9dfe47]  VM_Operation::evaluate()+0x47
V  [libjvm.so+0x9de908]  VMThread::evaluate_operation(VM_Operation*)+0x2c8
V  [libjvm.so+0x9ded89]  VMThread::loop()+0x219
V  [libjvm.so+0x9df1d2]  VMThread::run()+0x72
V  [libjvm.so+0x8425b2]  java_start(Thread*)+0xf2

VM_Operation (0x00007ffaa9fad810): ParallelGCFailedAllocation, mode: safepoint, requested by thread 0x00007ffaa4008000


---------------  P R O C E S S  ---------------

Java Threads: ( => current thread )
  0x00007ffaa40d4000 JavaThread "Service Thread" daemon [_thread_blocked, id=8170, stack(0x00007ffa90351000,0x00007ffa90452000)]
  0x00007ffaa40c9000 JavaThread "C1 CompilerThread3" daemon [_thread_blocked, id=8169, stack(0x00007ffa90452000,0x00007ffa90553000)]
  0x00007ffaa40c6800 JavaThread "C2 CompilerThread2" daemon [_thread_blocked, id=8168, stack(0x00007ffa90553000,0x00007ffa90654000)]
  0x00007ffaa40c5000 JavaThread "C2 CompilerThread1" daemon [_thread_in_native, id=8167, stack(0x00007ffa90654000,0x00007ffa90755000)]
  0x00007ffaa40c2000 JavaThread "C2 CompilerThread0" daemon [_thread_blocked, id=8166, stack(0x00007ffa90755000,0x00007ffa90856000)]
  0x00007ffaa40c0800 JavaThread "Signal Dispatcher" daemon [_thread_blocked, id=8165, stack(0x00007ffa90856000,0x00007ffa90957000)]
  0x00007ffaa4089800 JavaThread "Finalizer" daemon [_thread_blocked, id=8164, stack(0x00007ffa909b8000,0x00007ffa90ab9000)]
  0x00007ffaa4085000 JavaThread "Reference Handler" daemon [_thread_blocked, id=8163, stack(0x00007ffa90ab9000,0x00007ffa90bba000)]
  0x00007ffaa4008000 JavaThread "main" [_thread_blocked, id=8153, stack(0x00007ffaa9eaf000,0x00007ffaa9fb0000)]

Other Threads:
=>0x00007ffaa407d800 VMThread [stack: 0x00007ffa90bba000,0x00007ffa90cbb000] [id=8162]
  0x00007ffaa40d6800 WatcherThread [stack: 0x00007ffa90250000,0x00007ffa90351000] [id=8171]

VM state:at safepoint (normal execution)

VM Mutex/Monitor currently owned by a thread:  ([mutex/lock_event])
[0x00007ffaa4006490] Threads_lock - owner thread: 0x00007ffaa407d800
[0x00007ffaa4006990] Heap_lock - owner thread: 0x00007ffaa4008000

Heap:
 PSYoungGen      total 68608K, used 5088K [0x00000000d7100000, 0x00000000db900000, 0x0000000100000000)
  eden space 63488K, 0% used [0x00000000d7100000,0x00000000d7100000,0x00000000daf00000)
  from space 5120K, 99% used [0x00000000daf00000,0x00000000db3f8020,0x00000000db400000)
  to   space 5120K, 0% used [0x00000000db400000,0x00000000db400000,0x00000000db900000)
 ParOldGen       total 84992K, used 8180K [0x0000000085200000, 0x000000008a500000, 0x00000000d7100000)
  object space 84992K, 9% used [0x0000000085200000,0x00000000859fd1f0,0x000000008a500000)
 Metaspace       used 3656K, capacity 5144K, committed 5376K, reserved 1056768K
  class space    used 376K, capacity 456K, committed 512K, reserved 1048576K

Card table byte_map: [0x00007ffa94003000,0x00007ffa943db000] byte_map_base: 0x00007ffa93bda000

Marking Bits: (ParMarkBitMap*) 0x00007ffaa93b91a0
 Begin Bits: [0x00007ffa88290000, 0x00007ffa8a148000)
 End Bits:   [0x00007ffa8a148000, 0x00007ffa8c000000)

Polling page: 0x00007ffaa9fdf000

CodeCache: size=245760Kb used=3365Kb max_used=3385Kb free=242394Kb
 bounds [0x00007ffa9479b000, 0x00007ffa94afb000, 0x00007ffaa379b000]
 total_blobs=797 nmethods=551 adapters=161
 compilation: enabled

Compilation events (10 events):
Event: 0,666 Thread 0x00007ffaa40c9000  565       3       com.android.dx.util.ByteArray::getLong (104 bytes)
Event: 0,667 Thread 0x00007ffaa40c9000 nmethod 565 0x00007ffa94aab290 code [0x00007ffa94aab460, 0x00007ffa94aabaa8]
Event: 0,712 Thread 0x00007ffaa40c6800 nmethod 375 0x00007ffa94adc090 code [0x00007ffa94adcb80, 0x00007ffa94ae6b48]
Event: 0,712 Thread 0x00007ffaa40c6800  553   !   4       com.android.dx.cf.direct.StdAttributeFactory::parseLocalVariables (274 bytes)
Event: 0,725 Thread 0x00007ffaa40c9000  567       3       com.android.dx.rop.cst.CstLiteral64::<init> (10 bytes)
Event: 0,725 Thread 0x00007ffaa40c9000 nmethod 567 0x00007ffa94aaacd0 code [0x00007ffa94aaae40, 0x00007ffa94aab110]
Event: 0,750 Thread 0x00007ffaa40c6800 nmethod 553 0x00007ffa94ad7050 code [0x00007ffa94ad72e0, 0x00007ffa94ad8c58]
Event: 0,750 Thread 0x00007ffaa40c6800  563       4       com.android.dx.cf.iface.StdAttributeList::findFirst (44 bytes)
Event: 0,752 Thread 0x00007ffaa40c6800 nmethod 563 0x00007ffa94aaa610 code [0x00007ffa94aaa780, 0x00007ffa94aaaa58]
Event: 0,752 Thread 0x00007ffaa40c6800  568   !   4       com.android.dx.cf.direct.MemberListParser::parse (641 bytes)

GC Heap History (5 events):
Event: 0,348 GC heap before
{Heap before GC invocations=1 (full 0):
 PSYoungGen      total 36864K, used 31744K [0x00000000d7100000, 0x00000000d9a00000, 0x0000000100000000)
  eden space 31744K, 100% used [0x00000000d7100000,0x00000000d9000000,0x00000000d9000000)
  from space 5120K, 0% used [0x00000000d9500000,0x00000000d9500000,0x00000000d9a00000)
  to   space 5120K, 0% used [0x00000000d9000000,0x00000000d9000000,0x00000000d9500000)
 ParOldGen       total 84992K, used 0K [0x0000000085200000, 0x000000008a500000, 0x00000000d7100000)
  object space 84992K, 0% used [0x0000000085200000,0x0000000085200000,0x000000008a500000)
 Metaspace       used 3600K, capacity 5080K, committed 5376K, reserved 1056768K
  class space    used 373K, capacity 456K, committed 512K, reserved 1048576K
Event: 0,354 GC heap after
Heap after GC invocations=1 (full 0):
 PSYoungGen      total 36864K, used 3943K [0x00000000d7100000, 0x00000000db900000, 0x0000000100000000)
  eden space 31744K, 0% used [0x00000000d7100000,0x00000000d7100000,0x00000000d9000000)
  from space 5120K, 77% used [0x00000000d9000000,0x00000000d93d9ef0,0x00000000d9500000)
  to   space 5120K, 0% used [0x00000000db400000,0x00000000db400000,0x00000000db900000)
 ParOldGen       total 84992K, used 8K [0x0000000085200000, 0x000000008a500000, 0x00000000d7100000)
  object space 84992K, 0% used [0x0000000085200000,0x0000000085202000,0x000000008a500000)
 Metaspace       used 3600K, capacity 5080K, committed 5376K, reserved 1056768K
  class space    used 373K, capacity 456K, committed 512K, reserved 1048576K
}
Event: 0,481 GC heap before
{Heap before GC invocations=2 (full 0):
 PSYoungGen      total 36864K, used 35687K [0x00000000d7100000, 0x00000000db900000, 0x0000000100000000)
  eden space 31744K, 100% used [0x00000000d7100000,0x00000000d9000000,0x00000000d9000000)
  from space 5120K, 77% used [0x00000000d9000000,0x00000000d93d9ef0,0x00000000d9500000)
  to   space 5120K, 0% used [0x00000000db400000,0x00000000db400000,0x00000000db900000)
 ParOldGen       total 84992K, used 8K [0x0000000085200000, 0x000000008a500000, 0x00000000d7100000)
  object space 84992K, 0% used [0x0000000085200000,0x0000000085202000,0x000000008a500000)
 Metaspace       used 3653K, capacity 5144K, committed 5376K, reserved 1056768K
  class space    used 376K, capacity 456K, committed 512K, reserved 1048576K
Event: 0,487 GC heap after
Heap after GC invocations=2 (full 0):
 PSYoungGen      total 68608K, used 5096K [0x00000000d7100000, 0x00000000db900000, 0x0000000100000000)
  eden space 63488K, 0% used [0x00000000d7100000,0x00000000d7100000,0x00000000daf00000)
  from space 5120K, 99% used [0x00000000db400000,0x00000000db8fa150,0x00000000db900000)
  to   space 5120K, 0% used [0x00000000daf00000,0x00000000daf00000,0x00000000db400000)
 ParOldGen       total 84992K, used 295K [0x0000000085200000, 0x000000008a500000, 0x00000000d7100000)
  object space 84992K, 0% used [0x0000000085200000,0x0000000085249f40,0x000000008a500000)
 Metaspace       used 3653K, capacity 5144K, committed 5376K, reserved 1056768K
  class space    used 376K, capacity 456K, committed 512K, reserved 1048576K
}
Event: 0,784 GC heap before
{Heap before GC invocations=3 (full 0):
 PSYoungGen      total 68608K, used 68584K [0x00000000d7100000, 0x00000000db900000, 0x0000000100000000)
  eden space 63488K, 100% used [0x00000000d7100000,0x00000000daf00000,0x00000000daf00000)
  from space 5120K, 99% used [0x00000000db400000,0x00000000db8fa150,0x00000000db900000)
  to   space 5120K, 0% used [0x00000000daf00000,0x00000000daf00000,0x00000000db400000)
 ParOldGen       total 84992K, used 295K [0x0000000085200000, 0x000000008a500000, 0x00000000d7100000)
  object space 84992K, 0% used [0x0000000085200000,0x0000000085249f40,0x000000008a500000)
 Metaspace       used 3656K, capacity 5144K, committed 5376K, reserved 1056768K
  class space    used 376K, capacity 456K, committed 512K, reserved 1048576K

Deoptimization events (2 events):
Event: 0,261 Thread 0x00007ffaa4008000 Uncommon trap: reason=unloaded action=reinterpret pc=0x00007ffa949b17d8 method=com.android.dx.cf.cst.ConstantPoolParser.parse0(ILjava/util/BitSet;)Lcom/android/dx/rop/cst/Constant; @ 220
Event: 0,504 Thread 0x00007ffaa4008000 Uncommon trap: reason=unstable_if action=reinterpret pc=0x00007ffa94a70888 method=com.android.dx.cf.direct.StdAttributeFactory.parse0(Lcom/android/dx/cf/direct/DirectClassFile;ILjava/lang/String;IILcom/android/dx/cf/iface/ParseObserver;)Lcom/android/dx/cf

Internal exceptions (2 events):
Event: 0,037 Thread 0x00007ffaa4008000 Exception <a 'java/lang/NoSuchMethodError': Method sun.misc.Unsafe.defineClass(Ljava/lang/String;[BII)Ljava/lang/Class; name or signature does not match> (0x00000000d7107cc0) thrown at [/ssd/Android/AOSP-openjdk/external/jetbrains/jdk/hotspot/src/share/vm
Event: 0,037 Thread 0x00007ffaa4008000 Exception <a 'java/lang/NoSuchMethodError': Method sun.misc.Unsafe.prefetchRead(Ljava/lang/Object;J)V name or signature does not match> (0x00000000d7107fa8) thrown at [/ssd/Android/AOSP-openjdk/external/jetbrains/jdk/hotspot/src/share/vm/prims/jni.cpp, li

Events (10 events):
Event: 0,444 loading class java/util/NoSuchElementException
Event: 0,445 loading class java/util/NoSuchElementException done
Event: 0,459 Thread 0x00007ffaa4008000 DEOPT PACKING pc=0x00007ffa9497398b sp=0x00007ffaa9fae170
Event: 0,459 Thread 0x00007ffaa4008000 DEOPT UNPACKING pc=0x00007ffa947e2373 sp=0x00007ffaa9fadfa0 mode 0
Event: 0,480 Executing VM operation: ParallelGCFailedAllocation
Event: 0,487 Executing VM operation: ParallelGCFailedAllocation done
Event: 0,504 Thread 0x00007ffaa4008000 Uncommon trap: trap_request=0xffffff65 fr.pc=0x00007ffa94a70888
Event: 0,504 Thread 0x00007ffaa4008000 DEOPT PACKING pc=0x00007ffa94a70888 sp=0x00007ffaa9fae1c0
Event: 0,504 Thread 0x00007ffaa4008000 DEOPT UNPACKING pc=0x00007ffa9479ff69 sp=0x00007ffaa9fae1d8 mode 2
Event: 0,775 Executing VM operation: ParallelGCFailedAllocation


Dynamic libraries:
00400000-00401000 r-xp 00000000 08:02 1318695                            /opt/android-studio/jre/bin/java
00600000-00601000 r--p 00000000 08:02 1318695                            /opt/android-studio/jre/bin/java
00601000-00602000 rw-p 00001000 08:02 1318695                            /opt/android-studio/jre/bin/java
01fc4000-01fe5000 rw-p 00000000 00:00 0                                  [heap]
85200000-8a500000 rw-p 00000000 00:00 0 
8a500000-d7100000 ---p 00000000 00:00 0 
d7100000-db900000 rw-p 00000000 00:00 0 
df700000-100000000 ---p 00000000 00:00 0 
100000000-100080000 rw-p 00000000 00:00 0 
100080000-140000000 ---p 00000000 00:00 0 
7ffa34000000-7ffa34021000 rw-p 00000000 00:00 0 
7ffa34021000-7ffa38000000 ---p 00000000 00:00 0 
7ffa3c000000-7ffa3c8f5000 rw-p 00000000 00:00 0 
7ffa3c8f5000-7ffa40000000 ---p 00000000 00:00 0 
7ffa40000000-7ffa40021000 rw-p 00000000 00:00 0 
7ffa40021000-7ffa44000000 ---p 00000000 00:00 0 
7ffa44000000-7ffa44d56000 rw-p 00000000 00:00 0 
7ffa44d56000-7ffa48000000 ---p 00000000 00:00 0 
7ffa48000000-7ffa48e0c000 rw-p 00000000 00:00 0 
7ffa48e0c000-7ffa4c000000 ---p 00000000 00:00 0 
7ffa4c000000-7ffa4c021000 rw-p 00000000 00:00 0 
7ffa4c021000-7ffa50000000 ---p 00000000 00:00 0 
7ffa50000000-7ffa51630000 rw-p 00000000 00:00 0 
7ffa51630000-7ffa54000000 ---p 00000000 00:00 0 
7ffa54000000-7ffa54021000 rw-p 00000000 00:00 0 
7ffa54021000-7ffa58000000 ---p 00000000 00:00 0 
7ffa58000000-7ffa58021000 rw-p 00000000 00:00 0 
7ffa58021000-7ffa5c000000 ---p 00000000 00:00 0 
7ffa5c000000-7ffa5c021000 rw-p 00000000 00:00 0 
7ffa5c021000-7ffa60000000 ---p 00000000 00:00 0 
7ffa60000000-7ffa6027b000 rw-p 00000000 00:00 0 
7ffa6027b000-7ffa64000000 ---p 00000000 00:00 0 
7ffa64000000-7ffa64021000 rw-p 00000000 00:00 0 
7ffa64021000-7ffa68000000 ---p 00000000 00:00 0 
7ffa68000000-7ffa68021000 rw-p 00000000 00:00 0 
7ffa68021000-7ffa6c000000 ---p 00000000 00:00 0 
7ffa6c000000-7ffa6c021000 rw-p 00000000 00:00 0 
7ffa6c021000-7ffa70000000 ---p 00000000 00:00 0 
7ffa74000000-7ffa74021000 rw-p 00000000 00:00 0 
7ffa74021000-7ffa78000000 ---p 00000000 00:00 0 
7ffa7c000000-7ffa7c021000 rw-p 00000000 00:00 0 
7ffa7c021000-7ffa80000000 ---p 00000000 00:00 0 
7ffa84000000-7ffa84021000 rw-p 00000000 00:00 0 
7ffa84021000-7ffa88000000 ---p 00000000 00:00 0 
7ffa88290000-7ffa8c000000 rw-p 00000000 00:00 0 
7ffa8c000000-7ffa8c021000 rw-p 00000000 00:00 0 
7ffa8c021000-7ffa90000000 ---p 00000000 00:00 0 
7ffa9013b000-7ffa9015d000 rw-p 00000000 00:00 0 
7ffa9015d000-7ffa90238000 r--s 009c0000 08:03 131866                     /home/Sarya/Projects/Android/varazdinevents-android/app/build/intermediates/transforms/jarMerging/debug/jars/1/1f/combined.jar
7ffa90238000-7ffa90242000 r--s 0002f000 08:03 131868                     /home/Sarya/Projects/Android/varazdinevents-android/app/build/intermediates/multi-dex/debug/componentClasses.jar
7ffa90242000-7ffa90250000 r--s 000e0000 08:03 4331780                    /home/Sarya/Documents/android-sdk/build-tools/24.0.1/lib/dx.jar
7ffa90250000-7ffa90251000 ---p 00000000 00:00 0 
7ffa90251000-7ffa90351000 rw-p 00000000 00:00 0 
7ffa90351000-7ffa90354000 ---p 00000000 00:00 0 
7ffa90354000-7ffa90452000 rw-p 00000000 00:00 0 
7ffa90452000-7ffa90455000 ---p 00000000 00:00 0 
7ffa90455000-7ffa90553000 rw-p 00000000 00:00 0 
7ffa90553000-7ffa90556000 ---p 00000000 00:00 0 
7ffa90556000-7ffa90654000 rw-p 00000000 00:00 0 
7ffa90654000-7ffa90657000 ---p 00000000 00:00 0 
7ffa90657000-7ffa90755000 rw-p 00000000 00:00 0 
7ffa90755000-7ffa90758000 ---p 00000000 00:00 0 
7ffa90758000-7ffa90856000 rw-p 00000000 00:00 0 
7ffa90856000-7ffa90859000 ---p 00000000 00:00 0 
7ffa90859000-7ffa90957000 rw-p 00000000 00:00 0 
7ffa90957000-7ffa9099b000 r--p 00000000 08:02 1308704                    /usr/lib/locale/hr_HR.utf8/LC_CTYPE
7ffa9099b000-7ffa9099c000 r--p 00000000 08:02 1308750                    /usr/lib/locale/hr_HR.utf8/LC_NUMERIC
7ffa9099c000-7ffa9099d000 r--p 00000000 08:02 1178523                    /usr/lib/locale/hr_HR.utf8/LC_TIME
7ffa9099d000-7ffa909b7000 r--p 00000000 08:02 1178517                    /usr/lib/locale/hr_HR.utf8/LC_COLLATE
7ffa909b7000-7ffa909b8000 r--p 00000000 08:02 1178521                    /usr/lib/locale/hr_HR.utf8/LC_MONETARY
7ffa909b8000-7ffa909bb000 ---p 00000000 00:00 0 
7ffa909bb000-7ffa90ab9000 rw-p 00000000 00:00 0 
7ffa90ab9000-7ffa90abc000 ---p 00000000 00:00 0 
7ffa90abc000-7ffa90bba000 rw-p 00000000 00:00 0 
7ffa90bba000-7ffa90bbb000 ---p 00000000 00:00 0 
7ffa90bbb000-7ffa928c8000 rw-p 00000000 00:00 0 
7ffa928c8000-7ffa92a95000 r--s 03bec000 08:02 1318752                    /opt/android-studio/jre/jre/lib/rt.jar
7ffa92a95000-7ffa92f55000 rw-p 00000000 00:00 0 
7ffa92f55000-7ffa93295000 ---p 00000000 00:00 0 
7ffa93295000-7ffa9366c000 rw-p 00000000 00:00 0 
7ffa9366c000-7ffa9366d000 ---p 00000000 00:00 0 
7ffa9366d000-7ffa9376d000 rw-p 00000000 00:00 0 
7ffa9376d000-7ffa9376e000 ---p 00000000 00:00 0 
7ffa9376e000-7ffa9386e000 rw-p 00000000 00:00 0 
7ffa9386e000-7ffa9386f000 ---p 00000000 00:00 0 
7ffa9386f000-7ffa9396f000 rw-p 00000000 00:00 0 
7ffa9396f000-7ffa93970000 ---p 00000000 00:00 0 
7ffa93970000-7ffa93a70000 rw-p 00000000 00:00 0 
7ffa93a70000-7ffa93a71000 ---p 00000000 00:00 0 
7ffa93a71000-7ffa93b71000 rw-p 00000000 00:00 0 
7ffa93b71000-7ffa93b72000 ---p 00000000 00:00 0 
7ffa93b72000-7ffa93c72000 rw-p 00000000 00:00 0 
7ffa93c72000-7ffa93c73000 ---p 00000000 00:00 0 
7ffa93c73000-7ffa93d9d000 rw-p 00000000 00:00 0 
7ffa93d9d000-7ffa94003000 ---p 00000000 00:00 0 
7ffa94003000-7ffa9402d000 rw-p 00000000 00:00 0 
7ffa9402d000-7ffa94292000 ---p 00000000 00:00 0 
7ffa94292000-7ffa942b7000 rw-p 00000000 00:00 0 
7ffa942b7000-7ffa943da000 ---p 00000000 00:00 0 
7ffa943da000-7ffa943e9000 rw-p 00000000 00:00 0 
7ffa943e9000-7ffa9479b000 ---p 00000000 00:00 0 
7ffa9479b000-7ffa94afb000 rwxp 00000000 00:00 0 
7ffa94afb000-7ffaa379b000 ---p 00000000 00:00 0 
7ffaa379b000-7ffaa37b5000 r-xp 00000000 08:02 1318779                    /opt/android-studio/jre/jre/lib/amd64/libzip.so
7ffaa37b5000-7ffaa39b5000 ---p 0001a000 08:02 1318779                    /opt/android-studio/jre/jre/lib/amd64/libzip.so
7ffaa39b5000-7ffaa39b6000 r--p 0001a000 08:02 1318779                    /opt/android-studio/jre/jre/lib/amd64/libzip.so
7ffaa39b6000-7ffaa39b7000 rw-p 0001b000 08:02 1318779                    /opt/android-studio/jre/jre/lib/amd64/libzip.so
7ffaa39b7000-7ffaa39e4000 r-xp 00000000 08:02 1318789                    /opt/android-studio/jre/jre/lib/amd64/libjava.so
7ffaa39e4000-7ffaa3be3000 ---p 0002d000 08:02 1318789                    /opt/android-studio/jre/jre/lib/amd64/libjava.so
7ffaa3be3000-7ffaa3be4000 r--p 0002c000 08:02 1318789                    /opt/android-studio/jre/jre/lib/amd64/libjava.so
7ffaa3be4000-7ffaa3be6000 rw-p 0002d000 08:02 1318789                    /opt/android-studio/jre/jre/lib/amd64/libjava.so
7ffaa3be6000-7ffaa3bf6000 r-xp 00000000 08:02 1318805                    /opt/android-studio/jre/jre/lib/amd64/libverify.so
7ffaa3bf6000-7ffaa3df5000 ---p 00010000 08:02 1318805                    /opt/android-studio/jre/jre/lib/amd64/libverify.so
7ffaa3df5000-7ffaa3df7000 r--p 0000f000 08:02 1318805                    /opt/android-studio/jre/jre/lib/amd64/libverify.so
7ffaa3df7000-7ffaa3df8000 rw-p 00011000 08:02 1318805                    /opt/android-studio/jre/jre/lib/amd64/libverify.so
7ffaa3df8000-7ffaa3dff000 r-xp 00000000 08:02 2747180                    /lib64/librt-2.22.so
7ffaa3dff000-7ffaa3ffe000 ---p 00007000 08:02 2747180                    /lib64/librt-2.22.so
7ffaa3ffe000-7ffaa3fff000 r--p 00006000 08:02 2747180                    /lib64/librt-2.22.so
7ffaa3fff000-7ffaa4000000 rw-p 00007000 08:02 2747180                    /lib64/librt-2.22.so
7ffaa4000000-7ffaa43bc000 rw-p 00000000 00:00 0 
7ffaa43bc000-7ffaa8000000 ---p 00000000 00:00 0 
7ffaa8000000-7ffaa8001000 r--p 00000000 08:02 1178520                    /usr/lib/locale/hr_HR.utf8/LC_MESSAGES/SYS_LC_MESSAGES
7ffaa8001000-7ffaa8002000 r--p 00000000 08:02 1308707                    /usr/lib/locale/hr_HR.utf8/LC_PAPER
7ffaa8002000-7ffaa8003000 r--p 00000000 08:02 1308727                    /usr/lib/locale/hr_HR.utf8/LC_NAME
7ffaa8003000-7ffaa8004000 r--p 00000000 08:02 1178516                    /usr/lib/locale/hr_HR.utf8/LC_ADDRESS
7ffaa8004000-7ffaa8005000 r--p 00000000 08:02 1178522                    /usr/lib/locale/hr_HR.utf8/LC_TELEPHONE
7ffaa8005000-7ffaa8006000 r--p 00000000 08:02 1308705                    /usr/lib/locale/hr_HR.utf8/LC_MEASUREMENT
7ffaa8006000-7ffaa80f8000 rw-p 00000000 00:00 0 
7ffaa80f8000-7ffaa80f9000 ---p 00000000 00:00 0 
7ffaa80f9000-7ffaa81f9000 rw-p 00000000 00:00 0 
7ffaa81f9000-7ffaa82f5000 r-xp 00000000 08:02 2747154                    /lib64/libm-2.22.so
7ffaa82f5000-7ffaa84f4000 ---p 000fc000 08:02 2747154                    /lib64/libm-2.22.so
7ffaa84f4000-7ffaa84f5000 r--p 000fb000 08:02 2747154                    /lib64/libm-2.22.so
7ffaa84f5000-7ffaa84f6000 rw-p 000fc000 08:02 2747154                    /lib64/libm-2.22.so
7ffaa84f6000-7ffaa90dc000 r-xp 00000000 08:02 1318809                    /opt/android-studio/jre/jre/lib/amd64/server/libjvm.so
7ffaa90dc000-7ffaa92dc000 ---p 00be6000 08:02 1318809                    /opt/android-studio/jre/jre/lib/amd64/server/libjvm.so
7ffaa92dc000-7ffaa937b000 r--p 00be6000 08:02 1318809                    /opt/android-studio/jre/jre/lib/amd64/server/libjvm.so
7ffaa937b000-7ffaa93a4000 rw-p 00c85000 08:02 1318809                    /opt/android-studio/jre/jre/lib/amd64/server/libjvm.so
7ffaa93a4000-7ffaa93e6000 rw-p 00000000 00:00 0 
7ffaa93e6000-7ffaa93fe000 r-xp 00000000 08:02 2747176                    /lib64/libpthread-2.22.so
7ffaa93fe000-7ffaa95fd000 ---p 00018000 08:02 2747176                    /lib64/libpthread-2.22.so
7ffaa95fd000-7ffaa95fe000 r--p 00017000 08:02 2747176                    /lib64/libpthread-2.22.so
7ffaa95fe000-7ffaa95ff000 rw-p 00018000 08:02 2747176                    /lib64/libpthread-2.22.so
7ffaa95ff000-7ffaa9603000 rw-p 00000000 00:00 0 
7ffaa9603000-7ffaa9605000 r-xp 00000000 08:02 2747152                    /lib64/libdl-2.22.so
7ffaa9605000-7ffaa9805000 ---p 00002000 08:02 2747152                    /lib64/libdl-2.22.so
7ffaa9805000-7ffaa9806000 r--p 00002000 08:02 2747152                    /lib64/libdl-2.22.so
7ffaa9806000-7ffaa9807000 rw-p 00003000 08:02 2747152                    /lib64/libdl-2.22.so
7ffaa9807000-7ffaa99a1000 r-xp 00000000 08:02 2747146                    /lib64/libc-2.22.so
7ffaa99a1000-7ffaa9ba0000 ---p 0019a000 08:02 2747146                    /lib64/libc-2.22.so
7ffaa9ba0000-7ffaa9ba4000 r--p 00199000 08:02 2747146                    /lib64/libc-2.22.so
7ffaa9ba4000-7ffaa9ba6000 rw-p 0019d000 08:02 2747146                    /lib64/libc-2.22.so
7ffaa9ba6000-7ffaa9baa000 rw-p 00000000 00:00 0 
7ffaa9baa000-7ffaa9bc0000 r-xp 00000000 08:02 1318669                    /opt/android-studio/jre/lib/amd64/jli/libjli.so
7ffaa9bc0000-7ffaa9dbf000 ---p 00016000 08:02 1318669                    /opt/android-studio/jre/lib/amd64/jli/libjli.so
7ffaa9dbf000-7ffaa9dc0000 r--p 00015000 08:02 1318669                    /opt/android-studio/jre/lib/amd64/jli/libjli.so
7ffaa9dc0000-7ffaa9dc1000 rw-p 00016000 08:02 1318669                    /opt/android-studio/jre/lib/amd64/jli/libjli.so
7ffaa9dc1000-7ffaa9de2000 r-xp 00000000 08:02 2747138                    /lib64/ld-2.22.so
7ffaa9de2000-7ffaa9de9000 r--s 00000000 08:02 536569                     /usr/lib64/gconv/gconv-modules.cache
7ffaa9de9000-7ffaa9e7a000 rw-p 00000000 00:00 0 
7ffaa9e7a000-7ffaa9eaf000 r--s 00000000 00:13 18682                      /run/nscd/passwd
7ffaa9eaf000-7ffaa9eb2000 ---p 00000000 00:00 0 
7ffaa9eb2000-7ffaa9fb4000 rw-p 00000000 00:00 0 
7ffaa9fb4000-7ffaa9fb5000 r--p 00000000 08:02 1178518                    /usr/lib/locale/hr_HR.utf8/LC_IDENTIFICATION
7ffaa9fb5000-7ffaa9fd6000 rw-p 00000000 00:00 0 
7ffaa9fd6000-7ffaa9fde000 rw-s 00000000 08:02 3009201                    /tmp/hsperfdata_sarya/8147
7ffaa9fde000-7ffaa9fdf000 rw-p 00000000 00:00 0 
7ffaa9fdf000-7ffaa9fe0000 ---p 00000000 00:00 0 
7ffaa9fe0000-7ffaa9fe1000 rw-p 00000000 00:00 0 
7ffaa9fe1000-7ffaa9fe2000 r--p 00020000 08:02 2747138                    /lib64/ld-2.22.so
7ffaa9fe2000-7ffaa9fe3000 rw-p 00021000 08:02 2747138                    /lib64/ld-2.22.so
7ffaa9fe3000-7ffaa9fe4000 rw-p 00000000 00:00 0 
7ffebbd00000-7ffebbd21000 rw-p 00000000 00:00 0                          [stack]
7ffebbd34000-7ffebbd37000 r--p 00000000 00:00 0                          [vvar]
7ffebbd37000-7ffebbd39000 r-xp 00000000 00:00 0                          [vdso]
ffffffffff600000-ffffffffff601000 r-xp 00000000 00:00 0                  [vsyscall]

VM Arguments:
jvm_args: -Djava.awt.headless=true -Dfile.encoding=UTF-8 -Duser.country=HR -Duser.language=hr -Duser.variant 
java_command: com.android.multidex.ClassReferenceListBuilder /home/Sarya/Projects/Android/varazdinevents-android/app/build/intermediates/multi-dex/debug/componentClasses.jar /home/Sarya/Projects/Android/varazdinevents-android/app/build/intermediates/transforms/jarMerging/debug/jars/1/1f/combined.jar
java_class_path (initial): /home/Sarya/Documents/android-sdk/build-tools/24.0.1/lib/dx.jar
Launcher Type: SUN_STANDARD

Environment Variables:
JAVA_HOME=/usr/lib64/jvm/jre
JRE_HOME=/usr/lib64/jvm/jre
PATH=/home/Sarya/bin:/usr/local/bin:/usr/bin:/bin:/usr/bin/X11:/usr/games
LD_LIBRARY_PATH=/opt/android-studio/bin:
SHELL=/bin/bash
DISPLAY=:0
HOSTTYPE=x86_64
OSTYPE=linux
MACHTYPE=x86_64-suse-linux

Signal Handlers:
SIGSEGV: [libjvm.so+0x9daac0], sa_mask[0]=11111111011111111101111111111110, sa_flags=SA_RESTART|SA_SIGINFO
SIGBUS: [libjvm.so+0x9daac0], sa_mask[0]=11111111011111111101111111111110, sa_flags=SA_RESTART|SA_SIGINFO
SIGFPE: [libjvm.so+0x840d90], sa_mask[0]=11111111011111111101111111111110, sa_flags=SA_RESTART|SA_SIGINFO
SIGPIPE: [libjvm.so+0x840d90], sa_mask[0]=11111111011111111101111111111110, sa_flags=SA_RESTART|SA_SIGINFO
SIGXFSZ: [libjvm.so+0x840d90], sa_mask[0]=11111111011111111101111111111110, sa_flags=SA_RESTART|SA_SIGINFO
SIGILL: [libjvm.so+0x840d90], sa_mask[0]=11111111011111111101111111111110, sa_flags=SA_RESTART|SA_SIGINFO
SIGUSR1: SIG_DFL, sa_mask[0]=00000000000000000000000000000000, sa_flags=none
SIGUSR2: [libjvm.so+0x840c60], sa_mask[0]=00100000000000000000000000000000, sa_flags=SA_RESTART|SA_SIGINFO
SIGHUP: [libjvm.so+0x840e50], sa_mask[0]=11111111011111111101111111111110, sa_flags=SA_RESTART|SA_SIGINFO
SIGINT: [libjvm.so+0x840e50], sa_mask[0]=11111111011111111101111111111110, sa_flags=SA_RESTART|SA_SIGINFO
SIGTERM: [libjvm.so+0x840e50], sa_mask[0]=11111111011111111101111111111110, sa_flags=SA_RESTART|SA_SIGINFO
SIGQUIT: [libjvm.so+0x840e50], sa_mask[0]=11111111011111111101111111111110, sa_flags=SA_RESTART|SA_SIGINFO


---------------  S Y S T E M  ---------------

OS:openSUSE 42.2 (x86_64)
VERSION = 42.2
CODENAME = Malachite
# /etc/SuSE-release is deprecated and will be removed in the future, use /etc/os-release instead

uname:Linux 4.4.27-2-default #1 SMP Thu Nov 3 14:59:54 UTC 2016 (5c21e7c) x86_64
libc:glibc 2.22 NPTL 2.22 
rlimit: STACK 8192k, CORE 0k, NPROC 1200, NOFILE 4096, AS infinity
load average:20,39 6,73 3,89

/proc/meminfo:
MemTotal:        8048376 kB
MemFree:          121660 kB
MemAvailable:      16688 kB
Buffers:             520 kB
Cached:          1200080 kB
SwapCached:            0 kB
Active:          6541280 kB
Inactive:        1109248 kB
Active(anon):    6530448 kB
Inactive(anon):  1096572 kB
Active(file):      10832 kB
Inactive(file):    12676 kB
Unevictable:          32 kB
Mlocked:              32 kB
SwapTotal:             0 kB
SwapFree:              0 kB
Dirty:                24 kB
Writeback:             0 kB
AnonPages:       6453604 kB
Mapped:           430488 kB
Shmem:           1173448 kB
Slab:             114112 kB
SReclaimable:      42596 kB
SUnreclaim:        71516 kB
KernelStack:       14752 kB
PageTables:        71448 kB
NFS_Unstable:          0 kB
Bounce:                0 kB
WritebackTmp:          0 kB
CommitLimit:     4024188 kB
Committed_AS:   13578584 kB
VmallocTotal:   34359738367 kB
VmallocUsed:           0 kB
VmallocChunk:          0 kB
HardwareCorrupted:     0 kB
AnonHugePages:   2328576 kB
HugePages_Total:       0
HugePages_Free:        0
HugePages_Rsvd:        0
HugePages_Surp:        0
Hugepagesize:       2048 kB
DirectMap4k:      329192 kB
DirectMap2M:     7933952 kB


CPU:total 8 (4 cores per cpu, 2 threads per core) family 6 model 58 stepping 9, cmov, cx8, fxsr, mmx, sse, sse2, sse3, ssse3, sse4.1, sse4.2, popcnt, avx, aes, clmul, erms, ht, tsc, tscinvbit, tscinv

/proc/cpuinfo:
processor	: 0
vendor_id	: GenuineIntel
cpu family	: 6
model		: 58
model name	: Intel(R) Core(TM) i7-3632QM CPU @ 2.20GHz
stepping	: 9
microcode	: 0x1c
cpu MHz		: 2899.950
cache size	: 6144 KB
physical id	: 0
siblings	: 8
core id		: 0
cpu cores	: 4
apicid		: 0
initial apicid	: 0
fpu		: yes
fpu_exception	: yes
cpuid level	: 13
wp		: yes
flags		: fpu vme de pse tsc msr pae mce cx8 apic sep mtrr pge mca cmov pat pse36 clflush dts acpi mmx fxsr sse sse2 ss ht tm pbe syscall nx rdtscp lm constant_tsc arch_perfmon pebs bts rep_good nopl xtopology nonstop_tsc aperfmperf eagerfpu pni pclmulqdq dtes64 monitor ds_cpl vmx est tm2 ssse3 cx16 xtpr pdcm pcid sse4_1 sse4_2 x2apic popcnt tsc_deadline_timer aes xsave avx f16c rdrand lahf_lm ida arat epb pln pts dtherm tpr_shadow vnmi flexpriority ept vpid fsgsbase smep erms xsaveopt
bugs		:
bogomips	: 4389.64
clflush size	: 64
cache_alignment	: 64
address sizes	: 36 bits physical, 48 bits virtual
power management:

processor	: 1
vendor_id	: GenuineIntel
cpu family	: 6
model		: 58
model name	: Intel(R) Core(TM) i7-3632QM CPU @ 2.20GHz
stepping	: 9
microcode	: 0x1c
cpu MHz		: 2899.930
cache size	: 6144 KB
physical id	: 0
siblings	: 8
core id		: 0
cpu cores	: 4
apicid		: 1
initial apicid	: 1
fpu		: yes
fpu_exception	: yes
cpuid level	: 13
wp		: yes
flags		: fpu vme de pse tsc msr pae mce cx8 apic sep mtrr pge mca cmov pat pse36 clflush dts acpi mmx fxsr sse sse2 ss ht tm pbe syscall nx rdtscp lm constant_tsc arch_perfmon pebs bts rep_good nopl xtopology nonstop_tsc aperfmperf eagerfpu pni pclmulqdq dtes64 monitor ds_cpl vmx est tm2 ssse3 cx16 xtpr pdcm pcid sse4_1 sse4_2 x2apic popcnt tsc_deadline_timer aes xsave avx f16c rdrand lahf_lm ida arat epb pln pts dtherm tpr_shadow vnmi flexpriority ept vpid fsgsbase smep erms xsaveopt
bugs		:
bogomips	: 4389.64
clflush size	: 64
cache_alignment	: 64
address sizes	: 36 bits physical, 48 bits virtual
power management:

processor	: 2
vendor_id	: GenuineIntel
cpu family	: 6
model		: 58
model name	: Intel(R) Core(TM) i7-3632QM CPU @ 2.20GHz
stepping	: 9
microcode	: 0x1c
cpu MHz		: 2761.524
cache size	: 6144 KB
physical id	: 0
siblings	: 8
core id		: 1
cpu cores	: 4
apicid		: 2
initial apicid	: 2
fpu		: yes
fpu_exception	: yes
cpuid level	: 13
wp		: yes
flags		: fpu vme de pse tsc msr pae mce cx8 apic sep mtrr pge mca cmov pat pse36 clflush dts acpi mmx fxsr sse sse2 ss ht tm pbe syscall nx rdtscp lm constant_tsc arch_perfmon pebs bts rep_good nopl xtopology nonstop_tsc aperfmperf eagerfpu pni pclmulqdq dtes64 monitor ds_cpl vmx est tm2 ssse3 cx16 xtpr pdcm pcid sse4_1 sse4_2 x2apic popcnt tsc_deadline_timer aes xsave avx f16c rdrand lahf_lm ida arat epb pln pts dtherm tpr_shadow vnmi flexpriority ept vpid fsgsbase smep erms xsaveopt
bugs		:
bogomips	: 4389.64
clflush size	: 64
cache_alignment	: 64
address sizes	: 36 bits physical, 48 bits virtual
power management:

processor	: 3
vendor_id	: GenuineIntel
cpu family	: 6
model		: 58
model name	: Intel(R) Core(TM) i7-3632QM CPU @ 2.20GHz
stepping	: 9
microcode	: 0x1c
cpu MHz		: 2900.000
cache size	: 6144 KB
physical id	: 0
siblings	: 8
core id		: 1
cpu cores	: 4
apicid		: 3
initial apicid	: 3
fpu		: yes
fpu_exception	: yes
cpuid level	: 13
wp		: yes
flags		: fpu vme de pse tsc msr pae mce cx8 apic sep mtrr pge mca cmov pat pse36 clflush dts acpi mmx fxsr sse sse2 ss ht tm pbe syscall nx rdtscp lm constant_tsc arch_perfmon pebs bts rep_good nopl xtopology nonstop_tsc aperfmperf eagerfpu pni pclmulqdq dtes64 monitor ds_cpl vmx est tm2 ssse3 cx16 xtpr pdcm pcid sse4_1 sse4_2 x2apic popcnt tsc_deadline_timer aes xsave avx f16c rdrand lahf_lm ida arat epb pln pts dtherm tpr_shadow vnmi flexpriority ept vpid fsgsbase smep erms xsaveopt
bugs		:
bogomips	: 4389.64
clflush size	: 64
cache_alignment	: 64
address sizes	: 36 bits physical, 48 bits virtual
power management:

processor	: 4
vendor_id	: GenuineIntel
cpu family	: 6
model		: 58
model name	: Intel(R) Core(TM) i7-3632QM CPU @ 2.20GHz
stepping	: 9
microcode	: 0x1c
cpu MHz		: 2900.016
cache size	: 6144 KB
physical id	: 0
siblings	: 8
core id		: 2
cpu cores	: 4
apicid		: 4
initial apicid	: 4
fpu		: yes
fpu_exception	: yes
cpuid level	: 13
wp		: yes
flags		: fpu vme de pse tsc msr pae mce cx8 apic sep mtrr pge mca cmov pat pse36 clflush dts acpi mmx fxsr sse sse2 ss ht tm pbe syscall nx rdtscp lm constant_tsc arch_perfmon pebs bts rep_good nopl xtopology nonstop_tsc aperfmperf eagerfpu pni pclmulqdq dtes64 monitor ds_cpl vmx est tm2 ssse3 cx16 xtpr pdcm pcid sse4_1 sse4_2 x2apic popcnt tsc_deadline_timer aes xsave avx f16c rdrand lahf_lm ida arat epb pln pts dtherm tpr_shadow vnmi flexpriority ept vpid fsgsbase smep erms xsaveopt
bugs		:
bogomips	: 4389.64
clflush size	: 64
cache_alignment	: 64
address sizes	: 36 bits physical, 48 bits virtual
power management:

processor	: 5
vendor_id	: GenuineIntel
cpu family	: 6
model		: 58
model name	: Intel(R) Core(TM) i7-3632QM CPU @ 2.20GHz
stepping	: 9
microcode	: 0x1c
cpu MHz		: 2900.987
cache size	: 6144 KB
physical id	: 0
siblings	: 8
core id		: 2
cpu cores	: 4
apicid		: 5
initial apicid	: 5
fpu		: yes
fpu_exception	: yes
cpuid level	: 13
wp		: yes
flags		: fpu vme de pse tsc msr pae mce cx8 apic sep mtrr pge mca cmov pat pse36 clflush dts acpi mmx fxsr sse sse2 ss ht tm pbe syscall nx rdtscp lm constant_tsc arch_perfmon pebs bts rep_good nopl xtopology nonstop_tsc aperfmperf eagerfpu pni pclmulqdq dtes64 monitor ds_cpl vmx est tm2 ssse3 cx16 xtpr pdcm pcid sse4_1 sse4_2 x2apic popcnt tsc_deadline_timer aes xsave avx f16c rdrand lahf_lm ida arat epb pln pts dtherm tpr_shadow vnmi flexpriority ept vpid fsgsbase smep erms xsaveopt
bugs		:
bogomips	: 4389.64
clflush size	: 64
cache_alignment	: 64
address sizes	: 36 bits physical, 48 bits virtual
power management:

processor	: 6
vendor_id	: GenuineIntel
cpu family	: 6
model		: 58
model name	: Intel(R) Core(TM) i7-3632QM CPU @ 2.20GHz
stepping	: 9
microcode	: 0x1c
cpu MHz		: 2899.992
cache size	: 6144 KB
physical id	: 0
siblings	: 8
core id		: 3
cpu cores	: 4
apicid		: 6
initial apicid	: 6
fpu		: yes
fpu_exception	: yes
cpuid level	: 13
wp		: yes
flags		: fpu vme de pse tsc msr pae mce cx8 apic sep mtrr pge mca cmov pat pse36 clflush dts acpi mmx fxsr sse sse2 ss ht tm pbe syscall nx rdtscp lm constant_tsc arch_perfmon pebs bts rep_good nopl xtopology nonstop_tsc aperfmperf eagerfpu pni pclmulqdq dtes64 monitor ds_cpl vmx est tm2 ssse3 cx16 xtpr pdcm pcid sse4_1 sse4_2 x2apic popcnt tsc_deadline_timer aes xsave avx f16c rdrand lahf_lm ida arat epb pln pts dtherm tpr_shadow vnmi flexpriority ept vpid fsgsbase smep erms xsaveopt
bugs		:
bogomips	: 4389.64
clflush size	: 64
cache_alignment	: 64
address sizes	: 36 bits physical, 48 bits virtual
power management:

processor	: 7
vendor_id	: GenuineIntel
cpu family	: 6
model		: 58
model name	: Intel(R) Core(TM) i7-3632QM CPU @ 2.20GHz
stepping	: 9
microcode	: 0x1c
cpu MHz		: 2752.214
cache size	: 6144 KB
physical id	: 0
siblings	: 8
core id		: 3
cpu cores	: 4
apicid		: 7
initial apicid	: 7
fpu		: yes
fpu_exception	: yes
cpuid level	: 13
wp		: yes
flags		: fpu vme de pse tsc msr pae mce cx8 apic sep mtrr pge mca cmov pat pse36 clflush dts acpi mmx fxsr sse sse2 ss ht tm pbe syscall nx rdtscp lm constant_tsc arch_perfmon pebs bts rep_good nopl xtopology nonstop_tsc aperfmperf eagerfpu pni pclmulqdq dtes64 monitor ds_cpl vmx est tm2 ssse3 cx16 xtpr pdcm pcid sse4_1 sse4_2 x2apic popcnt tsc_deadline_timer aes xsave avx f16c rdrand lahf_lm ida arat epb pln pts dtherm tpr_shadow vnmi flexpriority ept vpid fsgsbase smep erms xsaveopt
bugs		:
bogomips	: 4389.64
clflush size	: 64
cache_alignment	: 64
address sizes	: 36 bits physical, 48 bits virtual
power management:



Memory: 4k page, physical 8048376k(121472k free), swap 0k(0k free)

vm_info: OpenJDK 64-Bit Server VM (25.76-b03) for linux-amd64 JRE (1.8.0_76-release-b03), built on Jun 29 2016 09:39:19 by "builder" with gcc 4.8.4

time: Thu Dec  1 20:42:21 2016
elapsed time: 29 seconds (0d 0h 0m 29s)

